1
                 Chemistry at HARvard Macromolecular Mechanics
           (CHARMM) - Developmental Version 44b2   February 15, 2020            
                                Revision unknown                                
       Copyright(c) 1984-2014  President and Fellows of Harvard College
                              All Rights Reserved
         Current operating system: Linux-4.9.0-8-amd64(x86_64)@kickout          
                 Created on  9/16/21 at 12:28:27 by user: akognole    

            Maximum number of ATOMS:    360720, and RESidues:      120240
 RDTITL> * GENERATED BY CHARMM-GUI (HTTP://WWW.CHARMM-GUI.ORG) V3.1 ON OCT, 02. 2020. JOBID=0166348994
 RDTITL> *
  
 CHARMM>     
  
 CHARMM>    DIMENS CHSIZE 2000000 MAXRES 2000000
Size      Original         New
MAXA        360720     2000000
MAXB        360720     2000000
MAXT        721440     4000000
MAXP       1082160     6000000
MAXIMP      180360     1000000
MAXNB        90180      500000
MAXPAD      360720     2000000
MAXRES      120240     2000000
MAXSEG       45090      250000
MAXATC        1400
MAXCB         3000
MAXCT        50000
MAXCP        20000
MAXCI         1200
MAXCH         6400
MAXCN       502503
MAXCRT      120240      666666
  
 CHARMM>     
  
 CHARMM>    ! Read topology and parameter files
 CHARMM>    stream toppar_drude.str
 VOPEN> Attempting to open::toppar_drude.str::
 OPNLGU> Unit 99 opened for READONLY access to toppar_drude.str

                    INPUT STREAM SWITCHING TO UNIT    99
 RDTITL> * GENERATED BY CHARMM-GUI (HTTP://WWW.CHARMM-GUI.ORG) V3.4 ON APR, 19. 2021. JOBID=1884259222
 RDTITL> * STREAM FILE FOR TOPOLOGY AND PARAMETER READING
 RDTITL> *
 Parameter: IN1 <- "" <empty>
  
 CHARMM>     
  
 CHARMM>    ! Read topology and parameter files
 CHARMM>    stream toppar_drude/toppar_drude_master_protein_2019g.str   ! master, includes protein, water and ions (must be read first)
 VOPEN> Attempting to open::toppar_drude/toppar_drude_master_protein_2019g.str::
 OPNLGU> Unit 98 opened for READONLY access to toppar_drude/toppar_drude_master_protein_2019g.str

                    INPUT STREAM SWITCHING TO UNIT    98
 RDTITL> * DRUDE MASTER TOPOLOGY AND PARAMETER STREAM FILE
 RDTITL> * INCLUDES WATER, 2013
 RDTITL> * IONS UPDATED, JUNE 2018
 RDTITL> * NUCLEIC ACID/CARBOHYDRATE/LIPID UPDATE JANUARY 2017
 RDTITL> * OPT MOLECULAR IONS, FYLIN 2018
 RDTITL> * HALOGEN AND NBFIX TERMS, FYLIN 2018
 RDTITL> * UPDATED PROTEIN FF WITH OPT ALPHA/THOLE, FYLIN 2018
 RDTITL> *
 Parameter: IN1 <- "" <empty>
  
 CHARMM>     
  
 CHARMM>    ioformat extended
 MISCOM> Expanded I/O format is used.
  
 CHARMM>     
  
 CHARMM>    !This file must be streamed prior to additional Drude FF toppar stream files
 CHARMM>    !and it includes parameters for the model compounds (toppar_drude_model*.str)
 CHARMM>     
  
 CHARMM>    !references
 CHARMM>    !
 CHARMM>    !Proteins
 CHARMM>    !Lopes, P.E.M., Huang, J., Shim, J., Luo, Y., Li, H., Roux, B., and
 CHARMM>    !MacKerell, A.D., Jr., "Polarizable Force Field for Peptides and
 CHARMM>    !Proteins based on the Classical Drude Oscillator," Journal of
 CHARMM>    !Chemical Theory and Computation, 9: 5430-5449, 2013 DOI:
 CHARMM>    !10.1021/ct400781b, NIHMS53671
 CHARMM>    !
 CHARMM>    !water
 CHARMM>    !SWM4-NDP, negative Drude (this will be the default model): Lamoureux,
 CHARMM>    !G., Harder, E., Vorobyov, I.V., Deng, Y., Roux, B. MacKerell, A.D.,
 CHARMM>    !Jr., A polarizable model of water for molecular dynamics simulations
 CHARMM>    !of biomolecules, Chemical Physics Letters, 2006, 418: 245-249.
 CHARMM>    !
 CHARMM>    !SWM6: Wenbo Yu, Pedro E. M. Lopes, Benoit Roux and Alexander
 CHARMM>    !D. MacKerell, Jr.  "Six-site Polarizable Model of Water Based on the
 CHARMM>    !Classical Drude Oscillator" Journal of Chemical Physics, 138: 034508,
 CHARMM>    !2013
 CHARMM>     
  
 CHARMM>    !atomic ions
 CHARMM>    !Yu, H., Whitfield, T.W., Harder, E., Lamoureux, G., Vorobyov, I.,
 CHARMM>    !Anisimov, V. M., MacKerell, A.D., Jr., and Roux, B. "Simulating
 CHARMM>    !Monovalent and Divalent Ions in Aqueous Solution Using a Drude
 CHARMM>    !Polarizable Force Field," Journal of Chemical Theory and Computation,
 CHARMM>    !6: 774-786, 2010
 CHARMM>    !
 CHARMM>    !Luo, Y., Jiang, W., Yu, H., MacKerell, A.D., Jr., and Roux, B.,
 CHARMM>    !"Simulation study of ion pairing in concentrated aqueous salt
 CHARMM>    !solutions with a polarizable force field," Faraday Discussions, 160,
 CHARMM>    !135-149, 2013, PMC3695446
 CHARMM>    !
 CHARMM>    !Lemkul, J.A. and MacKerell, A.D., Jr. "Balancing the Interactions of
 CHARMM>    !Mg2+ in Aqueous Solution and with Nucleic Acid Moieties For a Polarizable
 CHARMM>    !Force Field Based on the Classical Drude Oscillator Model," J. Phys. Chem B,
 CHARMM>    !120, 11436-11448, 2016, PMC5148688
 CHARMM>     
  
 CHARMM>    ! note use of D for second character to indicate Drude
 CHARMM>    ! polarizable FF (be careful of Cadmium: use CDM)
 CHARMM>     
  
 CHARMM>    ! Parameter labeling after !
 CHARMM>    ! RESName, generic compound name of model compound followed by additional comments
 CHARMM>    ! for example ! BENZ, benzene, based on crystal survey data
 CHARMM>     
  
 CHARMM>    !Formatting information
 CHARMM>    !RTF section: please use the following format for future residues, including the spacing
 CHARMM>    !(and please clean a few up of the residues not in this format if you so desire....)
 CHARMM>     
  
 CHARMM>    !RESI ALA           0.000
 CHARMM>    !ATOM N    ND2A2   -0.427  ALPHA -1.056  THOLE 0.711
 CHARMM>    !BOND A1     A2     A3     A4     A5     A6     A7     A8
 CHARMM>    !IMPR A1     A2     A3     A4
 CHARMM>    !CMAP A1     A2     A3     A4     A1     A2     A3     A4
 CHARMM>    !LONEPAIR relative A1       A2       A3      A4       distance 0.30 angle 91.00 dihe 180.00
 CHARMM>    !ANISOTROPY        A1       A2       A3      A4       A11 0.6968  A22 1.2194
 CHARMM>    !IC A1     A2     A3     A4       1.3474  124.31  180.00  114.26   0.9979
 CHARMM>     
  
 CHARMM>    !parameter section
 CHARMM>    !bond
 CHARMM>    !CD32E    OD30A    360.00      1.415 ! comment
 CHARMM>    !angles
 CHARMM>    !HDA1A    CD31A    CD31A     34.50    110.10 ! comment
 CHARMM>    !HDA1A    CD31A    CD31A     34.50    110.10   22.53   2.1790 ! comment
 CHARMM>    !dihedrals
 CHARMM>    !CD2O1A   ND2A2    CD31C    CD2O2A      0.000   3   180.00 ! comment
 CHARMM>    !impropers
 CHARMM>    !CD2O1A   CD31A    ND2A2    OD2C1A    120.000   0     0.00 ! comment
 CHARMM>    !nonbond (LJ)
 CHARMM>    !HDW      0.0   -0.0000     0.0000 ! comment
 CHARMM>    !nbfix
 CHARMM>    !CD30A   ODW    -0.00500	 4.04699 ! comment
 CHARMM>     
  
 CHARMM>    !ioformat extended
 CHARMM>     
  
 CHARMM>    read rtf card !append
 MAINIO> Residue topology file being read from unit  98.
 RDTITL> * TOPOLOGY FOR DRUDE WATER, IONS AND PROTEINS
 RDTITL> *

 DRUDES PARTICLES WILL BE GENERATED AUTOMATICALLY FOR ALL ATOMS WITH NON-ZERO ALPHA
 Thole-type dipole screening, Slater-Delta shape {S(u) = 1 - (1+u/2)*exp(-u)}, default radius =  1.300000
  
 CHARMM>     
  
 CHARMM>    read para card !append

          PARAMETER FILE BEING READ FROM UNIT 98
 RDTITL> * DRUDE POLARIZABLE FF PARAMETERS
 RDTITL> *

 PARRDR> WARNING: ATOMS IN BOND X        DRUD      500.00000   0.00000 DONT EXIST
 PARMIO> NONBOND, HBOND lists and IMAGE atoms cleared.
  
 CHARMM>     
  
 VCLOSE: Closing unit   98 with status "KEEP"

                    RETURNING TO INPUT STREAM    99
  
 CHARMM>    stream toppar_drude/toppar_drude_d_aminoacids_2019g.str   ! D-aminoacids
 VOPEN> Attempting to open::toppar_drude/toppar_drude_d_aminoacids_2019g.str::
 OPNLGU> Unit 98 opened for READONLY access to toppar_drude/toppar_drude_d_aminoacids_2019g.str

                    INPUT STREAM SWITCHING TO UNIT    98
 RDTITL> * DRUDE TOPOLOGIES FOR D-AMINO ACIDS
 RDTITL> * BASED ON 2019E REVISION, JAL 3/8/2019
 RDTITL> *
 Parameter: IN1 <- "" <empty>
  
 CHARMM>     
  
 CHARMM>    ioformat extended
 MISCOM> Expanded I/O format is used.
  
 CHARMM>     
  
 CHARMM>    !This file requires the master file to be streamed in first
 CHARMM>     
  
 CHARMM>    read rtf card append
 MAINIO> Residue topology file being read from unit  98.
 RDTITL> * TOPOLOGY FOR DRUDE WATER, IONS AND PROTEINS
 RDTITL> *

 DRUDES PARTICLES WILL BE GENERATED AUTOMATICALLY FOR ALL ATOMS WITH NON-ZERO ALPHA
 Thole-type dipole screening, Slater-Delta shape {S(u) = 1 - (1+u/2)*exp(-u)}, default radius =  1.300000
  
 CHARMM>     
  
 CHARMM>    read para card append

          PARAMETER FILE BEING READ FROM UNIT 98
 RDTITL> * PARAMETERS FOR D-AMINO ACIDS, COPIED FROM ANALOGOUS
 RDTITL> * L-AMINO ACID PARAMETERS
 RDTITL> * JAL 10/23/2018
 RDTITL> *
 PARMIO> NONBOND, HBOND lists and IMAGE atoms cleared.
  
 VCLOSE: Closing unit   98 with status "KEEP"

                    RETURNING TO INPUT STREAM    99
  
 CHARMM>    !stream toppar_drude/toppar_drude_carbohydrate_2019a.str   ! hexapyranoses
 CHARMM>    !stream toppar_drude/toppar_drude_carbohydrate_2019a_ahaile.str   ! hexapyranoses
 CHARMM>    stream toppar_drude/toppar_drude_nucleic_acid_2017c.str   ! DNA
 VOPEN> Attempting to open::toppar_drude/toppar_drude_nucleic_acid_2017c.str::
 OPNLGU> Unit 98 opened for READONLY access to toppar_drude/toppar_drude_nucleic_acid_2017c.str

                    INPUT STREAM SWITCHING TO UNIT    98
 RDTITL> * DRUDE TOPOLOGY AND PARAMETER STREAM FILE
 RDTITL> * NUCLEIC ACIDS
 RDTITL> *
 Parameter: IN1 <- "" <empty>
  
 CHARMM>     
  
 CHARMM>    !requires toppar_drude_master*.str
 CHARMM>     
  
 CHARMM>    !nucleic acids
 CHARMM>     
  
 CHARMM>    !references
 CHARMM>    !
 CHARMM>    !DNA
 CHARMM>    !Lemkul, J.A. and MacKerell, A.D., Jr., "Polarizable Force Field for
 CHARMM>    !DNA Based on the Classical Drude Oscillator: I. Refinement using
 CHARMM>    !Quantum Mechanical Base Stacking and Conformational Energetics,"
 CHARMM>    !J. Chem. Theory Comput., 13; 2053-2071, 2017, DOI: 10.1021/acs.jctc.7b00067
 CHARMM>    !
 CHARMM>    !Lemkul, J.A. and MacKerell, A.D., Jr., "Polarizable Force Field for
 CHARMM>    !DNA Based on the Classical Drude Oscillator: II. Microsecond Molecular
 CHARMM>    !Dynamics Simulations of Duplex DNA," J. Chem. Theory Comput.,
 CHARMM>    !13; 2072-2085, 2017, DOI: 10.1021/acs.jctc.7b00068
 CHARMM>    !
 CHARMM>    !Savelyev, A. and MacKerell, A.D., Jr., "All-Atom Polarizable Force
 CHARMM>    !Field for DNA Based on the Classical Drude Oscillator Model," Journal
 CHARMM>    !of Computational Chemistry, 35; 1219-1239, 2014, DOI: 10.1002/jcc.23611,
 CHARMM>    !NIHMSID #585697
 CHARMM>    !
 CHARMM>    !RNA
 CHARMM>    !Lemkul, J.A. and MacKerell, A.D., Jr., "Polarizable Force Field for
 CHARMM>    !RNA Based on the Classical Drude Oscillator," J. Comput. Chem.,
 CHARMM>    !In Press, 2018, DOI: 10.1002/jcc.25709, NIHMSID #990779
 CHARMM>    !
 CHARMM>    !Nucleic Acid Bases
 CHARMM>    !Baker, C.M., Anisimov, V.M., and MacKerell, A.D., Jr., "Development of
 CHARMM>    !CHARMM Polarizable Force Field for Nucleic Acid Bases Based on the
 CHARMM>    !Classical Drude Oscillator Model," Journal of Physical Chemistry B,
 CHARMM>    !115; 580-596, 2011, PMC3166616
 CHARMM>    !
 CHARMM>     
  
 CHARMM>    read rtf card append
 MAINIO> Residue topology file being read from unit  98.
 RDTITL> * TOPOLOGY FOR DRUDE NUCLEIC ACIDS
 RDTITL> *

 DRUDES PARTICLES WILL BE GENERATED AUTOMATICALLY FOR ALL ATOMS WITH NON-ZERO ALPHA
 Thole-type dipole screening, Slater-Delta shape {S(u) = 1 - (1+u/2)*exp(-u)}, default radius =  1.300000
  
 CHARMM>     
  
 CHARMM>    read para card append

          PARAMETER FILE BEING READ FROM UNIT 98
 RDTITL> * DRUDE POLARIZABLE FF PARAMETERS
 RDTITL> *
 PARMIO> NONBOND, HBOND lists and IMAGE atoms cleared.
  
 VCLOSE: Closing unit   98 with status "KEEP"

                    RETURNING TO INPUT STREAM    99
  
 CHARMM>    stream toppar_drude/toppar_drude_lipid_2017c.str   ! lipid
 VOPEN> Attempting to open::toppar_drude/toppar_drude_lipid_2017c.str::
 OPNLGU> Unit 98 opened for READONLY access to toppar_drude/toppar_drude_lipid_2017c.str

                    INPUT STREAM SWITCHING TO UNIT    98
 RDTITL> * DRUDE TOPOLOGY AND PARAMETER STREAM FILE FOR LIPIDS
 RDTITL> *
 Parameter: IN1 <- "" <empty>
  
 CHARMM>     
  
 CHARMM>    !requires toppar_drude_master*.str
 CHARMM>     
  
 CHARMM>    !ioformat extended
 CHARMM>     
  
 CHARMM>    !lipids
 CHARMM>     
  
 CHARMM>    !The following dihedral parameter is commented out below.
 CHARMM>    !For lipid simulations comment out this term below and
 CHARMM>    !comment the corresponding parameter in the master_protein
 CHARMM>    !toppar file.  Use of the following parameters with proteins
 CHARMM>    !will alter the conformational sampling of Lys sidechains
 CHARMM>    !
 CHARMM>    !1,2,3 fold terms differ from master file
 CHARMM>    !currently these parameters are being used as the default, although this impacts the long
 CHARMM>    !chain aliphatics and Lys sidechain in proteins.
 CHARMM>    !
 CHARMM>    !CD32A    CD32A    CD32A    CD32A       0.005    1   180.00 ! HEXA/HEPT, Hui-2015 protein: 0.073    1     0.00
 CHARMM>    !CD32A    CD32A    CD32A    CD32A       0.104    2     0.00 ! HEXA/HEPT, Hui-2015          0.043    2     0.00
 CHARMM>    !CD32A    CD32A    CD32A    CD32A       0.058    3   180.00 ! HEXA/HEPT, Hui-2015          0.119    3   180.00
 CHARMM>    !CD32A    CD32A    CD32A    CD32A       0.098    4     0.00 ! HEXA/HEPT, Hui-2015          0.098    4     0.00
 CHARMM>    !CD32A    CD32A    CD32A    CD32A       0.046    5     0.00 ! HEXA/HEPT, Hui-2015          0.046    5     0.00
 CHARMM>     
  
 CHARMM>    !references
 CHARMM>    !
 CHARMM>    !Li, H., Chowdhary, J., Huang, L., He, X, MacKerell, A.D., Jr., and
 CHARMM>    !Roux, B, "Drude Polarizable Force Field for Molecular Dynamics
 CHARMM>    !Simulations of Saturated and Unsaturated Zwitterionic Lipids,"
 CHARMM>    !In preparation, 2017.
 CHARMM>    !
 CHARMM>    !
 CHARMM>    !Chowdhary, J., Harder, E., Lopes, P.E.M., MacKerell, Jr., A.D, and
 CHARMM>    !Roux, B., “A Polarizable Model for Phosphatidylcholine-Containing
 CHARMM>    !Biological Membranes,” Journal of Physical Chemistry, B.,117:
 CHARMM>    !9142-9160, 2013.
 CHARMM>     
  
 CHARMM>    read rtf card append
 MAINIO> Residue topology file being read from unit  98.
 RDTITL> * TOPOLOGY FOR DRUDE LIPIDS
 RDTITL> *

 DRUDES PARTICLES WILL BE GENERATED AUTOMATICALLY FOR ALL ATOMS WITH NON-ZERO ALPHA
 Thole-type dipole screening, Slater-Delta shape {S(u) = 1 - (1+u/2)*exp(-u)}, default radius =  1.300000
  
 CHARMM>     
  
 CHARMM>    read para card append

          PARAMETER FILE BEING READ FROM UNIT 98
 RDTITL> * DRUDE POLARIZABLE FF PARAMETERS
 RDTITL> *
 PARMIO> NONBOND, HBOND lists and IMAGE atoms cleared.
  
 VCLOSE: Closing unit   98 with status "KEEP"

                    RETURNING TO INPUT STREAM    99
  
 CHARMM>    stream toppar_drude/toppar_drude_model_2019g.str   ! model compounds
 VOPEN> Attempting to open::toppar_drude/toppar_drude_model_2019g.str::
 OPNLGU> Unit 98 opened for READONLY access to toppar_drude/toppar_drude_model_2019g.str

                    INPUT STREAM SWITCHING TO UNIT    98
 RDTITL> * DRUDE TOPOLOGY AND PARAMETER STREAM FILE FOR SMALL MODEL COMPOUNDS
 RDTITL> *
 Parameter: IN1 <- "" <empty>
  
 CHARMM>     
  
 CHARMM>    !requires toppar_drude_master*.str
 CHARMM>     
  
 CHARMM>    !model compounds
 CHARMM>     
  
 CHARMM>    !references
 CHARMM>    !Alkanes
 CHARMM>    !Igor V. Vorobyov, Victor M. Anisimov and Alexander D. MacKerell,
 CHARMM>    !Jr. "Polarizable Empirical Force Field for Alkanes Based on the
 CHARMM>    !Classical Drude Oscillator Model," Journal of Physical Chemistry B,
 CHARMM>    !109: 18988-18999, 2005.
 CHARMM>    !
 CHARMM>    !Anisotropic polarizability model
 CHARMM>    !Harder, E., Anisimov, V.M., Vorobyov, I.V., Lopes, P.E., Noskov, S.,
 CHARMM>    !MacKerell, A.D., Jr.  and Roux, B. Atomic Level Anisotropy in the
 CHARMM>    !Electrostatic Modeling of Lone Pairs for a Polarizable Force Field
 CHARMM>    !based on the Classical Drude Oscillator, Journal of Chemical Theory
 CHARMM>    !and Computation, 2: 1587-1597, 2006
 CHARMM>    !
 CHARMM>    !Ethers
 CHARMM>    !
 CHARMM>    !Vorobyov, I.V., Anisimov, V.M., Greene, S., Venable, R.M., Moser, A.,
 CHARMM>    !Pastor, R.W. and MacKerell, A.D., Jr., Additive and Classical Drude
 CHARMM>    !Polarizable Force Fields for Linear and Cyclic Ethers, Journal of
 CHARMM>    !Chemical Theory and Computation, 3: 1120-1133, 2007.
 CHARMM>    !
 CHARMM>    !Baker, C. and MacKerell, Jr. A.D., “Polarizability Rescaling and
 CHARMM>    !atom-based Thole Scaling in the CHARMM Drude Polarizable Force Field
 CHARMM>    !for Ethers” Journal of Molecular Modeling, 16: 567-576, 2010,
 CHARMM>    !PMC2818097
 CHARMM>     
  
 CHARMM>    !Sulfur containing compounds
 CHARMM>    !Zhu, X. and MacKerell, A.D., Jr. “Polarizable Empirical Force Field
 CHARMM>    !for Sulfur-Containing Compounds Based on the Classical Drude
 CHARMM>    !Oscillator Model,” Journal of Computational Chemistry, 12: 2330-2341,
 CHARMM>    !2010. PMC2923574
 CHARMM>    !
 CHARMM>    !Alcohols
 CHARMM>    !Anisimov, V.M., Vorobyov, I.V., Roux, B., and MacKerell, A.D., Jr.
 CHARMM>    !Polarizable empirical force field for the primary and secondary
 CHARMM>    !alcohol series based on the classical Drude model. Journal of Chemical
 CHARMM>    !Theory and Computation, 3, 1927-1946, 2007.
 CHARMM>     
  
 CHARMM>    !Amides
 CHARMM>    !Harder, E., Anisimov, V.M., Whitfield, T., MacKerell, A.D., Jr., Roux,
 CHARMM>    !B. "Understanding the Dielectric Properties of Liquid Amides from a
 CHARMM>    !Polarizable Force Field," Journal of Physical Chemistry,
 CHARMM>    !112:3509-3521. 2008, PMID: 18302362
 CHARMM>    !
 CHARMM>    !Final amide model used on 2013 protein FF
 CHARMM>    !Lin, B., Lopes, P.E.M., Roux, B., and MacKerell, A.D., Jr.,
 CHARMM>    !“Kirkwood-Buff Analysis of Aqueous N-Methylacetamide and Acetamide
 CHARMM>    !Solutions Modeled by the CHARMM Additive and Drude Polarizable Force
 CHARMM>    !Fields,” Journal of Chemical Physics, 139: 084509, 2013, PMC3772949
 CHARMM>    !
 CHARMM>    !Aromatics
 CHARMM>    !Lopes, P., Lamoureux, G., Roux, B., MacKerell, A.D., Jr., "Polarizable
 CHARMM>    !Empirical Force Field for Aromatic Compounds Based on the Classical
 CHARMM>    !Drude Oscillator," Journal of Physical Chemistry, B. 111:2873-2885,
 CHARMM>    !2007
 CHARMM>    !
 CHARMM>    !Heterocycles
 CHARMM>    !Lopes, P.E.M., Lamoureux, G., MacKerell, A.D., Jr., “Polarizable
 CHARMM>    !Empirical Force Field for Nitrogen-containing Heteroaromatic Compounds
 CHARMM>    !Based on the Classical Drude Oscillator” Journal of Computational
 CHARMM>    !Chemistry, 30: 1821-1838, 2009, PMC251901
 CHARMM>    !
 CHARMM>    !Nucleic Acid Bases
 CHARMM>    !Baker, C.M., Anisimov, V.M., and MacKerell, A.D., Jr., “Development of
 CHARMM>    !CHARMM Polarizable Force Field for Nucleic Acid Bases Based on the
 CHARMM>    !Classical Drude Oscillator Model,” Journal of Physical Chemistry,
 CHARMM>    !B. 115; 580–596, 2011, PMC3166616
 CHARMM>    !
 CHARMM>    !Halogenated benzenes and ethanes
 CHARMM>    !Lin, F-Y. and MacKerell, A.D., Jr., “Polarizable Empirical Force Field
 CHARMM>    !for Halogen-Containing Compounds Based on the Classical Drude
 CHARMM>    !Oscillator," Journal of Chemical Theory and Computation, 2018, 14 (2),
 CHARMM>    !1083-1098
 CHARMM>    !
 CHARMM>    !Updated Molecular ions
 CHARMM>    !Lin, F-Y., Lopes, P.E.M., Harder, E., Roux, B., and
 CHARMM>    !MacKerell, A.D., Jr.,“Polarizable Force Field for Molecular Ions based
 CHARMM>    !on the Classical Drude Oscillator," Journal of Chemical Information
 CHARMM>    !and Modeling, 2018, 58 (5), 993–1004.
 CHARMM>     
  
 CHARMM>    read rtf card append
 MAINIO> Residue topology file being read from unit  98.
 RDTITL> * TOPOLOGY FOR DRUDE MODEL COMPOUNDS
 RDTITL> *

 DRUDES PARTICLES WILL BE GENERATED AUTOMATICALLY FOR ALL ATOMS WITH NON-ZERO ALPHA
 Thole-type dipole screening, Slater-Delta shape {S(u) = 1 - (1+u/2)*exp(-u)}, default radius =  1.300000
  
 CHARMM>     
  
 CHARMM>    read para card append

          PARAMETER FILE BEING READ FROM UNIT 98
 RDTITL> * DRUDE POLARIZABLE FF PARAMETERS
 RDTITL> *
 PARMIO> NONBOND, HBOND lists and IMAGE atoms cleared.
  
 VCLOSE: Closing unit   98 with status "KEEP"

                    RETURNING TO INPUT STREAM    99
  
 CHARMM>     
  
 VCLOSE: Closing unit   99 with status "KEEP"

                    RETURNING TO INPUT STREAM     5
  
 CHARMM>     
  
 CHARMM>    ! Read PSF and Coordinates
 CHARMM>    open read unit 10 card name step2_drude.psf
 VOPEN> Attempting to open::step2_drude.psf::
 OPNLGU> Unit 10 opened for READONLY access to step2_drude.psf
  
 CHARMM>    read psf  unit 10 card
 MAINIO> Protein structure file being read from unit  10.
 PSFRD2> Reading PSF in the expanded format.
 TITLE>  * GENERATED BY CHARMM-GUI (HTTP://WWW.CHARMM-GUI.ORG) V3.4 ON APR, 19. 2021. JOB
 TITLE>  * READ CRD FILES AND GENERATE DRUDE PSF
 TITLE>  * NB: WATER MUST BE LAST SEGMENT GENERATED DO TO NOANGLE NODIHEDRAL
 TITLE>  *  DATE:     4/19/21     10:31:57      CREATED BY USER: apache
 TITLE>  *
 PSFSUM> PSF modified: NONBOND lists and IMAGE atoms cleared.
 PSFSUM> Summary of the structure file counters :
         Number of segments      =        2   Number of residues   =     7997
         Number of atoms         =    41681   Number of groups     =     8169
         Number of bonds         =    41683   Number of angles     =    10178
         Number of dihedrals     =     3293   Number of impropers  =      185
         Number of cross-terms   =       74
         Number of HB acceptors  =     8038   Number of HB donors  =      140
         Number of NB exclusions =        0   Total charge =   -0.00000
         Number of Drudes        =     8523
         Number of true-bonds    =    41683   Number of zero-bonds =        0
         Number of aniso. terms  =      120   Number of lone-pairs =     8164
  
 CHARMM>     
  
 CHARMM>    open read unit 10 card name step2_drude.crd
 OPNLGU> Unit already open. The old file will be closed first.
 VCLOSE: Closing unit   10 with status "KEEP"
 VOPEN> Attempting to open::step2_drude.crd::
 OPNLGU> Unit 10 opened for READONLY access to step2_drude.crd
  
 CHARMM>    read coor unit 10 card
          SPATIAL COORDINATES BEING READ FROM UNIT 10
 TITLE> * GENERATED BY CHARMM-GUI (HTTP://WWW.CHARMM-GUI.ORG) V3.4 ON APR, 19. 2021. JOB
 TITLE> *  DATE:     4/19/21     10:38:17      CREATED BY USER: APACHE
 TITLE> *
  
 CHARMM>     
  
 CHARMM>    write coor pdb name step2_drude.pdb
 VOPEN> Attempting to open::step2_drude.pdb::
 RDTITL>  
 RDTITL> No title read.
  Write CHARMM-pdb format
 VCLOSE: Closing unit   90 with status "KEEP"
  
 CHARMM>     
  
 CHARMM>    stream step2_drude.str
 VOPEN> Attempting to open::step2_drude.str::
 OPNLGU> Unit 99 opened for READONLY access to step2_drude.str

                    INPUT STREAM SWITCHING TO UNIT    99
 RDTITL> SET XTLTYPE  = ORTHORHOMBIC
 RDTITL> No title read.
 Parameter: IN1 <- "" <empty>
  
 CHARMM>     SET XTLTYPE  = ORTHORHOMBIC
 Parameter: XTLTYPE <- "ORTHORHOMBIC"
  
 CHARMM>     SET A = 64
 Parameter: A <- "64"
  
 CHARMM>     SET B = 64
 Parameter: B <- "64"
  
 CHARMM>     SET C = 64
 Parameter: C <- "64"
  
 CHARMM>     SET ALPHA = 90.0
 Parameter: ALPHA <- "90.0"
  
 CHARMM>     SET BETA  = 90.0
 Parameter: BETA <- "90.0"
  
 CHARMM>     SET GAMMA = 90.0
 Parameter: GAMMA <- "90.0"
  
 CHARMM>     SET FFTX  = 72
 Parameter: FFTX <- "72"
  
 CHARMM>     SET FFTY  = 72
 Parameter: FFTY <- "72"
  
 CHARMM>     SET FFTZ  = 72
 Parameter: FFTZ <- "72"
  
 CHARMM>     SET XCEN  = 2.284024121E-02
 Parameter: XCEN <- "2.284024121E-02"
  
 CHARMM>     SET YCEN  = 2.697888072E-02
 Parameter: YCEN <- "2.697888072E-02"
  
 CHARMM>     SET ZCEN  = 1.682226444E-02
 Parameter: ZCEN <- "1.682226444E-02"
  
 CHARMM>     SET NPROT = 1
 Parameter: NPROT <- "1"
  
 CHARMM>     SET PROT0 = PROA
 Parameter: PROT0 <- "PROA"
  
 CHARMM>     SET NCARB = 0
 Parameter: NCARB <- "0"
  
 VCLOSE: Closing unit   99 with status "KEEP"

                    RETURNING TO INPUT STREAM     5
  
 CHARMM>     
  
 CHARMM>    !coor sdrude
 CHARMM>    !coor shake
 CHARMM>     
  
 CHARMM>    SHAKE bonh param nofast -
 CHARMM>          select  .not. type D*  end -
 CHARMM>          select  .not. type D*  end
 SELRPN>  33158 atoms have been selected out of  41681
 SELRPN>  33158 atoms have been selected out of  41681
 SHKCOM> SHAKE parameters: TOL =   0.1000D-09 MXITer =    500

           24392 constraints will held by SHAKE.
  
 CHARMM>     
  
 CHARMM>    open read unit 10 card name crystal_image.str
 OPNLGU> Unit already open. The old file will be closed first.
 VCLOSE: Closing unit   10 with status "KEEP"
 VOPEN> Attempting to open::crystal_image.str::
 OPNLGU> Unit 10 opened for READONLY access to crystal_image.str
  
 CHARMM>    CRYSTAL DEFINE @XTLtype @A @B @C @alpha @beta @gamma
 Parameter: XTLTYPE -> "ORTHORHOMBIC"
 Parameter: A -> "64"
 Parameter: B -> "64"
 Parameter: C -> "64"
 Parameter: ALPHA -> "90.0"
 Parameter: BETA -> "90.0"
 Parameter: GAMMA -> "90.0"
 Crystal Parameters : Crystal Type = ORTH
           A     =   64.00000 B    =   64.00000 C     =   64.00000
           Alpha =   90.00000 Beta =   90.00000 Gamma =   90.00000
  
 CHARMM>    CRYSTAL READ UNIT 10 CARD
 CRYSTAL FILE BEING READ FROM UNIT    10
 TITLE> * GENERATED BY CHARMM-GUI (HTTP://WWW.CHARMM-GUI.ORG) V3.4 ON APR, 19. 2021. JOBID=1884259222
 TITLE> * STREAM FILE FOR CRYSTAL SYMMETRY OPERATION
 TITLE> *
 TITLE>  * GENERATED BY CHARMM-GUI (HTTP://WWW.CHARMM-GUI.ORG) V3.4 ON APR, 19. 2021. JOB
 TITLE>  * STREAM FILE FOR CRYSTAL SYMMETRY OPERATION
 TITLE>  *
                     THERE ARE NO ROTATIONS FOR THIS TRANSFORMATION SET
    26 Transformations have been processed.

  
 CHARMM>    image byres xcen 0.0 ycen 0.0 zcen 0.0 sele resn SWM4 end
 SELRPN>  39605 atoms have been selected out of  41681
 IMAGE CENTERING ON FOR SOME ATOMS
  
 CHARMM>     
  
 CHARMM>    nbonds atom vatom switch vswitch bycb -
 CHARMM>           ctonnb 10.0 ctofnb 12.0 cutnb 16.0 cutim 16.0 LRC -
 CHARMM>           inbfrq -1 imgfrq -1 wmin 1.0 cdie eps 1.0 -
 CHARMM>           ewald pmew fftx @fftx ffty @ffty fftz @fftz  kappa .34 spline order 6
 Parameter: FFTX -> "72"
 Parameter: FFTY -> "72"
 Parameter: FFTZ -> "72"

 SELECTED IMAGES ATOMS BEING CENTERED ABOUT  0.000000  0.000000  0.000000
 RESIDUE   89 OPERATED ON BY TRANSFORMATION C005
 RESIDUE 2019 OPERATED ON BY TRANSFORMATION C005
 RESIDUE 2745 OPERATED ON BY TRANSFORMATION C011
 RESIDUE 6365 OPERATED ON BY TRANSFORMATION C010

 <MKIMAT2>: updating the image atom lists and remapping
 Transformation   Atoms  Groups  Residues  Min-Distance
    1  C001 has     170      34      34        3.18
    2  C002 has    1605     321     321        0.23
    3  C003 has     180      36      36        2.82
    4  C004 has    1775     355     355        0.00
    5  C005 has   10255    2051    2051        0.00
    6  C006 has    1630     326     326        0.52
    7  C007 has    1650     330     330        0.12
    8  C008 has   10148    2021    2016        0.00
    9  C009 has    1650     330     330        0.64
   10  C010 has   10230    2046    2046        0.00
   12  C012 has     190      38      38        3.37
   13  C013 has    1725     345     345        0.00
   14  C014 has     260      52      52        1.87
 Total of83149 atoms and16454 groups and16277 residues were included

 <PME> Total heap storage needed =     2472971
 Fill Ewald table: Number of points=     10000 EWXmax=    4.250000
 fill erfc table: linear inter has rms error = 0.979220D-08 maximum error = 0.218740D-07
 fill erfc table: cubic spline has rms error = 0.360331D-11 maximum error = 0.108438D-10

 NONBOND OPTION FLAGS: 
     ELEC     VDW      ATOMs    CDIElec  SWITch   VATOm    VSWItch 
     BYCB     NOEXtnd  EWALd   
 CUTNB  = 16.000 CTEXNB =999.000 CTONNB = 10.000 CTOFNB = 12.000
 CGONNB =  0.000 CGOFNB = 10.000
 WMIN   =  1.000 WRNMXD =  0.500 E14FAC =  1.000 EPS    =  1.000
 NBXMOD =      5
 PME EWALD OPTIONS: KAPPA  =  0.340  QCOR =  0.000  Bspline order = 6
 FFTX=  72  FFTY=  72  FFTZ=  72
                Using FFTW
                Real-to-Complex FFT
                Using Column FFT 
 There are        0 atom  pairs and        0 atom  exclusions.
 There are        0 group pairs and        0 group exclusions.
 <MAKINB> with mode   5 found  91549 exclusions and   9382 interactions(1-4)
 <MAKGRP> found    555 group exclusions.
 <MAKGRP> found      0 image group exclusions.
 Generating nonbond list with Exclusion mode = 5
 Allocate space for   5000 Thole shielding pairs 
 == PRIMARY == SPACE FOR        0 ATOM PAIRS AND        0 GROUP PAIRS
 == IMAGES === SPACE FOR        0 ATOM PAIRS AND        0 GROUP PAIRS
  
 =========================================
              TRIAL run of list...........
 =========================================
Using Image CUBE search
Using Image CUBE search
  NBNDGCM found:
    44422310  atom pairs
    12509827  image atom pairs
           0  self atom pairs
  
 CHARMM>    energy

 SELECTED IMAGES ATOMS BEING CENTERED ABOUT  0.000000  0.000000  0.000000

 <MKIMAT2>: updating the image atom lists and remapping
 Transformation   Atoms  Groups  Residues  Min-Distance
    1  C001 has     170      34      34        3.18
    2  C002 has    1605     321     321        0.23
    3  C003 has     180      36      36        2.82
    4  C004 has    1775     355     355        0.00
    5  C005 has   10255    2051    2051        0.00
    6  C006 has    1630     326     326        0.52
    7  C007 has    1650     330     330        0.12
    8  C008 has   10148    2021    2016        0.00
    9  C009 has    1650     330     330        0.64
   10  C010 has   10230    2046    2046        0.00
   12  C012 has     190      38      38        3.37
   13  C013 has    1725     345     345        0.00
   14  C014 has     260      52      52        1.87
 Total of83149 atoms and16454 groups and16277 residues were included

 <MAKGRP> found      0 image group exclusions.

 NONBOND OPTION FLAGS: 
     ELEC     VDW      ATOMs    CDIElec  SWITch   VATOm    VSWItch 
     BYCB     NOEXtnd  EWALd   
 CUTNB  = 16.000 CTEXNB =999.000 CTONNB = 10.000 CTOFNB = 12.000
 CGONNB =  0.000 CGOFNB = 10.000
 WMIN   =  1.000 WRNMXD =  0.500 E14FAC =  1.000 EPS    =  1.000
 NBXMOD =      5
 PME EWALD OPTIONS: KAPPA  =  0.340  QCOR =  0.000  Bspline order = 6
 FFTX=  72  FFTY=  72  FFTZ=  72
                Using FFTW
                Real-to-Complex FFT
                Using Column FFT 
 There are 44422310 atom  pairs and   100931 atom  exclusions.
 There are        0 group pairs and      555 group exclusions.
 Generating nonbond list with Exclusion mode = 5
 == PRIMARY == SPACE FOR 57749004 ATOM PAIRS AND        0 GROUP PAIRS
 == IMAGES === SPACE FOR 16262775 ATOM PAIRS AND        0 GROUP PAIRS
Using Image CUBE search
  NBNDGCM found:
    44422310  atom pairs
    12509827  image atom pairs
           0  self atom pairs
Splitting recip cores into (y by z):   1 by    1
ENER ENR:  Eval#     ENERgy      Delta-E         GRMS
ENER INTERN:          BONDs       ANGLes       UREY-b    DIHEdrals    IMPRopers
ENER CROSS:           CMAPs        PMF1D        PMF2D        PRIMO
ENER EXTERN:        VDWaals         ELEC       HBONds          ASP         USER
ENER IMAGES:        IMNBvdw       IMELec       IMHBnd       RXNField    EXTElec
ENER EWALD:          EWKSum       EWSElf       EWEXcl       EWQCor       EWUTil
ENER LRCor:            EVDW         VIRI   
 ----------       ---------    ---------    ---------    ---------    ---------
ENER>        0 -89140.20567      0.00000      0.86726
ENER INTERN>    30413.98314    772.43264    420.18696   1025.86047     11.87443
ENER CROSS>      -320.31417      0.00000      0.00000      0.00000
ENER EXTERN>    16541.24638-120610.15072      0.00000      0.00000      0.00000
ENER IMAGES>     -346.08856  -3414.28324      0.00000      0.00000      0.00000
ENER EWALD>        441.9087-4193915.2816 4180111.8823       0.0000       0.0000
ENER LRCor>      -273.46236   -546.86049
 ----------       ---------    ---------    ---------    ---------    ---------
  
 CHARMM>     
  
 CHARMM>    set EENER ?ENER !  - total potential energy
 RDCMND substituted energy or value "?ENER" to "-89140.2057"
 Parameter: EENER <- "-89140.2057"
  
 CHARMM>    set EBOND ?BOND !  - bond (1-2) energy
 RDCMND substituted energy or value "?BOND" to "30413.9831"
 Parameter: EBOND <- "30413.9831"
  
 CHARMM>    set EANGL ?ANGL !  - angle (1-3) energy
 RDCMND substituted energy or value "?ANGL" to "772.432638"
 Parameter: EANGL <- "772.432638"
  
 CHARMM>    set EDIHE ?DIHE !  - dihedral 1-4 energy
 RDCMND substituted energy or value "?DIHE" to "1025.86047"
 Parameter: EDIHE <- "1025.86047"
  
 CHARMM>    set EUREY ?UREY !  - additional 1-3 urey bradley energy
 RDCMND substituted energy or value "?UREY" to "420.186958"
 Parameter: EUREY <- "420.186958"
  
 CHARMM>    set EIMPR ?IMPR !  - improper planar of chiral energy
 RDCMND substituted energy or value "?IMPR" to "11.8744294"
 Parameter: EIMPR <- "11.8744294"
  
 CHARMM>    set ECMAP ?CMAP !  - 2D dihedral cross term energy correction map
 RDCMND substituted energy or value "?CMAP" to "-320.314175"
 Parameter: ECMAP <- "-320.314175"
  
 CHARMM>     
  
 CHARMM>    calc ENONB = ?VDW + ?ELEC + ?IMNB + ?IMEL + ?EWKS + ?EWSE + ?EWEX
 RDCMND substituted energy or value "?VDW" to "16541.2464"
 RDCMND substituted energy or value "?ELEC" to "-120610.151"
 RDCMND substituted energy or value "?IMNB" to "-346.088558"
 RDCMND substituted energy or value "?IMEL" to "-3414.28324"
 RDCMND substituted energy or value "?EWKS" to "441.90867"
 RDCMND substituted energy or value "?EWSE" to "-4193915.28"
 RDCMND substituted energy or value "?EWEX" to "4180111.88"
Evaluating: 16541.2464+-120610.151+-346.088558+-3414.28324+441.90867+-4193915.28+4180111.88
 Parameter: ENONB <- "-121190.768"
  
 CHARMM>    calc ETOTE = @EBOND + @EANGL +@EDIHE + @EUREY + @EIMPR + @ECMAP + @ENONB
 Parameter: EBOND -> "30413.9831"
 Parameter: EANGL -> "772.432638"
 Parameter: EDIHE -> "1025.86047"
 Parameter: EUREY -> "420.186958"
 Parameter: EIMPR -> "11.8744294"
 Parameter: ECMAP -> "-320.314175"
 Parameter: ENONB -> "-121190.768"
Evaluating: 30413.9831+772.432638+1025.86047+420.186958+11.8744294+-320.314175+-121190.768
 Parameter: ETOTE <- "-88866.7446"
  
 CHARMM>    calc ELRC = @EENER - @ETOTE
 Parameter: EENER -> "-89140.2057"
 Parameter: ETOTE -> "-88866.7446"
Evaluating: -89140.2057--88866.7446
 Parameter: ELRC <- "-273.4611"
  
 CHARMM>    calc ENONB = ?VDW + ?ELEC + ?IMNB + ?IMEL + ?EWKS + ?EWSE + ?EWEX !+ @ELRC
 RDCMND substituted energy or value "?VDW" to "16541.2464"
 RDCMND substituted energy or value "?ELEC" to "-120610.151"
 RDCMND substituted energy or value "?IMNB" to "-346.088558"
 RDCMND substituted energy or value "?IMEL" to "-3414.28324"
 RDCMND substituted energy or value "?EWKS" to "441.90867"
 RDCMND substituted energy or value "?EWSE" to "-4193915.28"
 RDCMND substituted energy or value "?EWEX" to "4180111.88"
Evaluating: 16541.2464+-120610.151+-346.088558+-3414.28324+441.90867+-4193915.28+4180111.88
 Parameter: ENONB <- "-121190.768"
  
 CHARMM>    calc ETOTE = @EBOND + @EANGL +@EDIHE + @EUREY + @EIMPR + @ECMAP + @ENONB
 Parameter: EBOND -> "30413.9831"
 Parameter: EANGL -> "772.432638"
 Parameter: EDIHE -> "1025.86047"
 Parameter: EUREY -> "420.186958"
 Parameter: EIMPR -> "11.8744294"
 Parameter: ECMAP -> "-320.314175"
 Parameter: ENONB -> "-121190.768"
Evaluating: 30413.9831+772.432638+1025.86047+420.186958+11.8744294+-320.314175+-121190.768
 Parameter: ETOTE <- "-88866.7446"
  
 CHARMM>    calc EVDW = ?VDW + ?IMNB
 RDCMND substituted energy or value "?VDW" to "16541.2464"
 RDCMND substituted energy or value "?IMNB" to "-346.088558"
Evaluating: 16541.2464+-346.088558
 Parameter: EVDW <- "16195.1578"
  
 CHARMM>    calc EELC = @ENONB - @EVDW
 Parameter: ENONB -> "-121190.768"
 Parameter: EVDW -> "16195.1578"
Evaluating: -121190.768-16195.1578
 Parameter: EELC <- "-137385.926"
  
 CHARMM>     
  
 CHARMM>    open write card unit 10 name ./charmm.ener.txt
 OPNLGU> Unit already open. The old file will be closed first.
 VCLOSE: Closing unit   10 with status "KEEP"
 VOPEN> Attempting to open::./charmm.ener.txt::
 OPNLGU> Unit 10 opened for WRITE access to ./charmm.ener.txt
  
 CHARMM>    write title unit 10
 RDTITL> *BOND 30413.9831
 RDTITL> *ANGL 772.432638
 RDTITL> *DIHE 1025.86047
 RDTITL> *UREY 420.186958
 RDTITL> *IMPR 11.8744294
 RDTITL> *CMAP -320.314175
 RDTITL> *EVDW 16195.1578
 RDTITL> *ELEC -137385.926
 RDTITL> *DRUD 0
 RDTITL> *OTH1 0
 RDTITL> *TOTE -88866.7446
 RDTITL> *
  
 CHARMM>     
  
 CHARMM>    stop
 VCLOSE: Closing unit   10 with status "KEEP"
$$$$$$  New timer profile $$$$$
   Shake Setup                     0.01 Other:            0.00
   Shake time                      0.00 Other:            0.00
      xdistm setup                    0.00 Other:            0.00
      xdistm Build list               4.89 Other:            0.00
   List time                       4.89 Other:            0.00
            Direct Ewald time               1.13 Other:            0.00
               Fill charge grid                0.02 Other:            0.00
               Scalar sum                      0.00 Other:            0.00
               Grad sum                        0.01 Other:            0.00
                  FFTcomm                         0.00 Other:            0.00
               FFT                             0.01 Other:            0.01
            Recip Ewald time                0.05 Other:            0.00
         Ewald time                      1.18 Other:            0.00
      Nonbond force                   1.19 Other:            0.01
         Bond energy                     0.00 Other:            0.00
         Angle energy                    0.00 Other:            0.00
         Dihedral energy                 0.00 Other:            0.00
         Restraints energy               0.00 Other:            0.00
      INTRNL energy                   0.00 Other:            0.00
   Energy time                     1.19 Other:            0.00
 Total time                      7.65 Other:            1.55

                    NORMAL TERMINATION BY NORMAL STOP
                    NO WARNINGS WERE ISSUED

                    $$$$$ JOB ACCOUNTING INFORMATION $$$$$
                     ELAPSED TIME:     7.65  SECONDS 
                         CPU TIME:     7.64  SECONDS 
